Grammar

    0 $accept: statements $end

    1 statements: statements statement
    2           | statement

    3 statement: '\n'
    4          | ID
    5          | KEYWORD
    6          | NUMCONST
    7          | CHARCONST
    8          | STRINGCONST
    9          | BOOLCONST
   10          | TOKEN


Terminals, with rules where they appear

    $end (0) 0
    '\n' (10) 3
    error (256)
    ID <tokenData> (258) 4
    NUMCONST <tokenData> (259) 6
    CHARCONST <tokenData> (260) 7
    STRINGCONST <tokenData> (261) 8
    BOOLCONST <tokenData> (262) 9
    TOKEN <tokenData> (263) 10
    KEYWORD <tokenData> (264) 5


Nonterminals, with rules where they appear

    $accept (11)
        on left: 0
    statements (12)
        on left: 1 2
        on right: 0 1
    statement (13)
        on left: 3 4 5 6 7 8 9 10
        on right: 1 2


State 0

    0 $accept: . statements $end

    ID           shift, and go to state 1
    NUMCONST     shift, and go to state 2
    CHARCONST    shift, and go to state 3
    STRINGCONST  shift, and go to state 4
    BOOLCONST    shift, and go to state 5
    TOKEN        shift, and go to state 6
    KEYWORD      shift, and go to state 7
    '\n'         shift, and go to state 8

    statements  go to state 9
    statement   go to state 10


State 1

    4 statement: ID .

    $default  reduce using rule 4 (statement)


State 2

    6 statement: NUMCONST .

    $default  reduce using rule 6 (statement)


State 3

    7 statement: CHARCONST .

    $default  reduce using rule 7 (statement)


State 4

    8 statement: STRINGCONST .

    $default  reduce using rule 8 (statement)


State 5

    9 statement: BOOLCONST .

    $default  reduce using rule 9 (statement)


State 6

   10 statement: TOKEN .

    $default  reduce using rule 10 (statement)


State 7

    5 statement: KEYWORD .

    $default  reduce using rule 5 (statement)


State 8

    3 statement: '\n' .

    $default  reduce using rule 3 (statement)


State 9

    0 $accept: statements . $end
    1 statements: statements . statement

    $end         shift, and go to state 11
    ID           shift, and go to state 1
    NUMCONST     shift, and go to state 2
    CHARCONST    shift, and go to state 3
    STRINGCONST  shift, and go to state 4
    BOOLCONST    shift, and go to state 5
    TOKEN        shift, and go to state 6
    KEYWORD      shift, and go to state 7
    '\n'         shift, and go to state 8

    statement  go to state 12


State 10

    2 statements: statement .

    $default  reduce using rule 2 (statements)


State 11

    0 $accept: statements $end .

    $default  accept


State 12

    1 statements: statements statement .

    $default  reduce using rule 1 (statements)
